Determining if the pthread_create exist failed with the following output:
Change Dir: /home/mikoaj/Pulpit/Coding/SIKI/Zadanie2/cmake-build-debug/CMakeFiles/CMakeTmp

Run Build Command:"/usr/bin/make" "cmTC_3e530/fast"
/usr/bin/make -f CMakeFiles/cmTC_3e530.dir/build.make CMakeFiles/cmTC_3e530.dir/build
make[1]: Entering directory '/home/mikoaj/Pulpit/Coding/SIKI/Zadanie2/cmake-build-debug/CMakeFiles/CMakeTmp'
Building C object CMakeFiles/cmTC_3e530.dir/CheckSymbolExists.c.o
/usr/bin/cc    -o CMakeFiles/cmTC_3e530.dir/CheckSymbolExists.c.o   -c /home/mikoaj/Pulpit/Coding/SIKI/Zadanie2/cmake-build-debug/CMakeFiles/CMakeTmp/CheckSymbolExists.c
Linking C executable cmTC_3e530
/home/mikoaj/.local/share/JetBrains/Toolbox/apps/CLion/ch-0/183.5429.37/bin/cmake/linux/bin/cmake -E cmake_link_script CMakeFiles/cmTC_3e530.dir/link.txt --verbose=1
/usr/bin/cc      CMakeFiles/cmTC_3e530.dir/CheckSymbolExists.c.o  -o cmTC_3e530 
CMakeFiles/cmTC_3e530.dir/CheckSymbolExists.c.o: In function `main':
CheckSymbolExists.c:(.text+0x1b): undefined reference to `pthread_create'
collect2: error: ld returned 1 exit status
CMakeFiles/cmTC_3e530.dir/build.make:86: recipe for target 'cmTC_3e530' failed
make[1]: *** [cmTC_3e530] Error 1
make[1]: Leaving directory '/home/mikoaj/Pulpit/Coding/SIKI/Zadanie2/cmake-build-debug/CMakeFiles/CMakeTmp'
Makefile:121: recipe for target 'cmTC_3e530/fast' failed
make: *** [cmTC_3e530/fast] Error 2

File /home/mikoaj/Pulpit/Coding/SIKI/Zadanie2/cmake-build-debug/CMakeFiles/CMakeTmp/CheckSymbolExists.c:
/* */
#include <pthread.h>

int main(int argc, char** argv)
{
  (void)argv;
#ifndef pthread_create
  return ((int*)(&pthread_create))[argc];
#else
  (void)argc;
  return 0;
#endif
}

Determining if the function pthread_create exists in the pthreads failed with the following output:
Change Dir: /home/mikoaj/Pulpit/Coding/SIKI/Zadanie2/cmake-build-debug/CMakeFiles/CMakeTmp

Run Build Command:"/usr/bin/make" "cmTC_585d8/fast"
/usr/bin/make -f CMakeFiles/cmTC_585d8.dir/build.make CMakeFiles/cmTC_585d8.dir/build
make[1]: Entering directory '/home/mikoaj/Pulpit/Coding/SIKI/Zadanie2/cmake-build-debug/CMakeFiles/CMakeTmp'
Building C object CMakeFiles/cmTC_585d8.dir/CheckFunctionExists.c.o
/usr/bin/cc   -DCHECK_FUNCTION_EXISTS=pthread_create   -o CMakeFiles/cmTC_585d8.dir/CheckFunctionExists.c.o   -c /home/mikoaj/.local/share/JetBrains/Toolbox/apps/CLion/ch-0/183.5429.37/bin/cmake/linux/share/cmake-3.13/Modules/CheckFunctionExists.c
Linking C executable cmTC_585d8
/home/mikoaj/.local/share/JetBrains/Toolbox/apps/CLion/ch-0/183.5429.37/bin/cmake/linux/bin/cmake -E cmake_link_script CMakeFiles/cmTC_585d8.dir/link.txt --verbose=1
/usr/bin/cc  -DCHECK_FUNCTION_EXISTS=pthread_create    CMakeFiles/cmTC_585d8.dir/CheckFunctionExists.c.o  -o cmTC_585d8 -lpthreads 
/usr/bin/ld: cannot find -lpthreads
collect2: error: ld returned 1 exit status
CMakeFiles/cmTC_585d8.dir/build.make:86: recipe for target 'cmTC_585d8' failed
make[1]: *** [cmTC_585d8] Error 1
make[1]: Leaving directory '/home/mikoaj/Pulpit/Coding/SIKI/Zadanie2/cmake-build-debug/CMakeFiles/CMakeTmp'
Makefile:121: recipe for target 'cmTC_585d8/fast' failed
make: *** [cmTC_585d8/fast] Error 2


